<?xml version="1.0" encoding="UTF-8"?>
<Site BuildName="Linux-c++"
	BuildStamp="20250408-1327-Experimental"
	Name="ale-Precision-Tower-5810"
	Generator="ctest-3.28.3"
	CompilerName="/usr/bin/c++"
	CompilerVersion="13.3.0"
	OSName="Linux"
	Hostname="ale-Precision-Tower-5810"
	OSRelease="6.11.0-19-generic"
	OSVersion="#19~24.04.1-Ubuntu SMP PREEMPT_DYNAMIC Mon Feb 17 11:51:52 UTC 2"
	OSPlatform="x86_64"
	Is64Bits="1"
	VendorString="GenuineIntel"
	VendorID="Intel Corporation"
	FamilyID="6"
	ModelID="158"
	ProcessorCacheSize="8192"
	NumberOfLogicalCPU="8"
	NumberOfPhysicalCPU="4"
	TotalVirtualMemory="4095"
	TotalPhysicalMemory="7896"
	LogicalProcessorsPerPhysical="2"
	ProcessorClockFrequency="4000.08"
	>
	<Testing>
		<StartDateTime>Apr 08 13:01 -03</StartDateTime>
		<StartTestTime>1744128097</StartTestTime>
		<TestList/>
		<EndDateTime>Apr 08 13:01 -03</EndDateTime>
		<EndTestTime>1744128097</EndTestTime>
		<ElapsedMinutes>0</ElapsedMinutes>
	</Testing>
</Site>
